2026-04-18 17:24:32,637 - INFO - Програма симуляції запущена
2026-04-18 17:24:32,637 - INFO - Оселився в будинку
2026-04-18 17:24:32,637 - INFO - Купив авто Volvo
2026-04-18 17:24:32,637 - INFO - Отримав роботу Java developer із зарплатою 50
2026-04-18 17:24:32,637 - INFO - Купив собаку Артемон
2026-04-18 17:24:32,637 - INFO - ------ День 1 ------
2026-04-18 17:24:32,637 - INFO - Відпочиває
2026-04-18 17:24:32,637 - INFO - Прогулянка з собакою
2026-04-18 17:24:32,637 - INFO - Собака гуляє
2026-04-18 17:24:32,637 - WARNING - Собака травмувалась
2026-04-18 17:24:32,637 - INFO - ------ День 2 ------
2026-04-18 17:24:32,637 - INFO - Поїхав на роботу
2026-04-18 17:24:32,637 - INFO - Заробив 50. Баланс: 150
2026-04-18 17:24:32,637 - INFO - Прогулянка з собакою
2026-04-18 17:24:32,637 - INFO - Собака гуляє
2026-04-18 17:24:32,637 - INFO - ------ День 3 ------
2026-04-18 17:24:32,637 - INFO - Куплено делікатеси
2026-04-18 17:24:32,637 - INFO - Прогулянка з собакою
2026-04-18 17:24:32,637 - INFO - Собака гуляє
2026-04-18 17:24:32,637 - WARNING - Собака травмувалась
2026-04-18 17:24:32,637 - INFO - ------ День 4 ------
2026-04-18 17:24:32,637 - INFO - Відпочиває
2026-04-18 17:24:32,637 - INFO - Прогулянка з собакою
2026-04-18 17:24:32,637 - INFO - Собака гуляє
2026-04-18 17:24:32,637 - INFO - Собака їсть
2026-04-18 17:24:32,637 - INFO - Нагодував собаку
2026-04-18 17:24:32,637 - INFO - ------ День 5 ------
2026-04-18 17:24:32,637 - INFO - Відпочиває
2026-04-18 17:24:32,637 - INFO - Прогулянка з собакою
2026-04-18 17:24:32,637 - INFO - Собака гуляє
2026-04-18 17:24:32,637 - INFO - Собака їсть
2026-04-18 17:24:32,637 - INFO - Нагодував собаку
2026-04-18 17:24:32,637 - INFO - ------ День 6 ------
2026-04-18 17:24:32,637 - INFO - Відпочиває
2026-04-18 17:24:32,637 - INFO - Прогулянка з собакою
2026-04-18 17:24:32,637 - INFO - Собака гуляє
2026-04-18 17:24:32,638 - WARNING - Собака травмувалась
2026-04-18 17:24:32,638 - INFO - Собака їсть
2026-04-18 17:24:32,638 - INFO - Нагодував собаку
2026-04-18 17:24:32,638 - WARNING - Візит до ветеринара
2026-04-18 17:24:32,638 - WARNING - Собака у лікаря
2026-04-18 17:24:32,638 - INFO - ------ День 7 ------
2026-04-18 17:24:32,638 - INFO - Куплено делікатеси
2026-04-18 17:24:32,638 - INFO - Прогулянка з собакою
2026-04-18 17:24:32,638 - INFO - Собака гуляє
2026-04-18 17:24:32,638 - INFO - Програма завершена
